<?xml version="1.0" encoding="UTF-8"?>
<!-- Generated by org.testng.reporters.JUnitReportReporter -->
<testsuite skipped="0" hostname="hp" name="regressionScripts.Regression" tests="4" failures="0" timestamp="2020-08-21T18:22:08 IST" time="246.643" errors="0">
  <testcase name="validLoginLogout" time="102.466" classname="regressionScripts.Regression"/>
  <system-out/>
  <testcase name="InvalidLogin" time="87.465" classname="regressionScripts.Regression"/>
  <system-out/>
  <testcase name="verifyActimeVersion" time="28.805" classname="regressionScripts.Regression"/>
  <system-out/>
  <testcase name="sendBugReport" time="27.907" classname="regressionScripts.Regression"/>
  <system-out/>
</testsuite> <!-- regressionScripts.Regression -->
