<?xml version="1.0" encoding="UTF-8"?>
<!-- Generated by org.testng.reporters.JUnitReportReporter -->
<testsuite skipped="0" hostname="hp" name="regressionScripts.Regression" tests="4" failures="0" timestamp="2020-08-16T00:18:04 IST" time="139.081" errors="0">
  <testcase name="validLoginLogout" time="53.239" classname="regressionScripts.Regression"/>
  <system-out/>
  <testcase name="InvalidLogin" time="17.447" classname="regressionScripts.Regression"/>
  <system-out/>
  <testcase name="verifyActimeVersion" time="32.896" classname="regressionScripts.Regression"/>
  <system-out/>
  <testcase name="sendBugReport" time="35.499" classname="regressionScripts.Regression"/>
  <system-out/>
</testsuite> <!-- regressionScripts.Regression -->
